<?xml version="1.0" encoding="UTF-8"?>
<!-- Generated by org.testng.reporters.JUnitXMLReporter -->
<testsuite ignored="0" hostname="DESKTOP-DMBCJ4C" failures="1" tests="8" name="Create_PACE_Project_Test" time="780.837" errors="0" timestamp="2022-07-18T14:36:09 IST">
  <testcase classname="com.Super_Admin.TC_Create_PACE_Project_Test" name="New_Project" time="4.605"/>
  <testcase classname="com.Super_Admin.TC_Create_PACE_Project_Test" name="Select_Contractor" time="42.472"/>
  <testcase classname="com.Super_Admin.TC_Create_PACE_Project_Test" name="Credit_Application_Tab" time="46.417"/>
  <testcase classname="com.Super_Admin.TC_Create_PACE_Project_Test" name="Login_to_Credit_Portal" time="10.078"/>
  <testcase classname="com.Super_Admin.TC_Create_PACE_Project_Test" name="View_Project" time="181.359"/>
  <testcase classname="com.Super_Admin.TC_Create_PACE_Project_Test" name="Submit_Contract" time="128.954"/>
  <testcase classname="com.Super_Admin.TC_Create_PACE_Project_Test" name="Submit_NTP" time="218.034"/>
  <testcase classname="com.Super_Admin.TC_Create_PACE_Project_Test" name="Funding_Tab" time="135.095">
    <failure type="org.openqa.selenium.ElementClickInterceptedException" message="element click intercepted: Element &amp;lt;a href=&amp;quot;/&amp;quot; title=&amp;quot;...&amp;quot; class=&amp;quot;nav-link&amp;quot;&amp;gt;Home&amp;lt;/a&amp;gt; is not clickable at point (265, 35). Other element would receive the click: &amp;lt;div class=&amp;quot;blockUI blockOverlay&amp;quot; style=&amp;quot;z-index: 1100; border: none; margin: 0px; padding: 0px; width: 100%; height: 100%; top: 0px; left: 0px; background-color: rgb(255, 255, 255); opacity: 0.75; cursor: default; position: fixed;&amp;quot;&amp;gt;&amp;lt;/div&amp;gt;
  (Session info: chrome=103.0.5060.114)
Build info: version: &amp;apos;4.2.2&amp;apos;, revision: &amp;apos;683ccb65d6&amp;apos;
System info: host: &amp;apos;DESKTOP-DMBCJ4C&amp;apos;, ip: &amp;apos;192.168.1.9&amp;apos;, os.name: &amp;apos;Windows 10&amp;apos;, os.arch: &amp;apos;amd64&amp;apos;, os.version: &amp;apos;10.0&amp;apos;, java.version: &amp;apos;18.0.1.1&amp;apos;
Driver info: org.openqa.selenium.chrome.ChromeDriver
Command: [4113466bd09c9e8e03b604d2198f197e, clickElement {id=77d0b3e7-74a4-4fb2-980f-93e3ae5b76f9}]
Capabilities {acceptInsecureCerts: false, browserName: chrome, browserVersion: 103.0.5060.114, chrome: {chromedriverVersion: 103.0.5060.53 (a1711811edd7..., userDataDir: C:\Users\User\AppData\Local...}, goog:chromeOptions: {debuggerAddress: localhost:59039}, networkConnectionEnabled: false, pageLoadStrategy: normal, platformName: WINDOWS, proxy: Proxy(), se:cdp: ws://localhost:59039/devtoo..., se:cdpVersion: 103.0.5060.114, setWindowRect: true, strictFileInteractability: false, timeouts: {implicit: 0, pageLoad: 300000, script: 30000}, unhandledPromptBehavior: dismiss and notify, webauthn:extension:credBlob: true, webauthn:extension:largeBlob: true, webauthn:virtualAuthenticators: true}
Element: [[ChromeDriver: chrome on WINDOWS (4113466bd09c9e8e03b604d2198f197e)] -&amp;gt; xpath: //a[normalize-space()=&amp;apos;Home&amp;apos;]]
Session ID: 4113466bd09c9e8e03b604d2198f197e">
      <![CDATA[org.openqa.selenium.ElementClickInterceptedException: element click intercepted: Element <a href="/" title="..." class="nav-link">Home</a> is not clickable at point (265, 35). Other element would receive the click: <div class="blockUI blockOverlay" style="z-index: 1100; border: none; margin: 0px; padding: 0px; width: 100%; height: 100%; top: 0px; left: 0px; background-color: rgb(255, 255, 255); opacity: 0.75; cursor: default; position: fixed;"></div>
  (Session info: chrome=103.0.5060.114)
Build info: version: '4.2.2', revision: '683ccb65d6'
System info: host: 'DESKTOP-DMBCJ4C', ip: '192.168.1.9', os.name: 'Windows 10', os.arch: 'amd64', os.version: '10.0', java.version: '18.0.1.1'
Driver info: org.openqa.selenium.chrome.ChromeDriver
Command: [4113466bd09c9e8e03b604d2198f197e, clickElement {id=77d0b3e7-74a4-4fb2-980f-93e3ae5b76f9}]
Capabilities {acceptInsecureCerts: false, browserName: chrome, browserVersion: 103.0.5060.114, chrome: {chromedriverVersion: 103.0.5060.53 (a1711811edd7..., userDataDir: C:\Users\User\AppData\Local...}, goog:chromeOptions: {debuggerAddress: localhost:59039}, networkConnectionEnabled: false, pageLoadStrategy: normal, platformName: WINDOWS, proxy: Proxy(), se:cdp: ws://localhost:59039/devtoo..., se:cdpVersion: 103.0.5060.114, setWindowRect: true, strictFileInteractability: false, timeouts: {implicit: 0, pageLoad: 300000, script: 30000}, unhandledPromptBehavior: dismiss and notify, webauthn:extension:credBlob: true, webauthn:extension:largeBlob: true, webauthn:virtualAuthenticators: true}
Element: [[ChromeDriver: chrome on WINDOWS (4113466bd09c9e8e03b604d2198f197e)] -> xpath: //a[normalize-space()='Home']]
Session ID: 4113466bd09c9e8e03b604d2198f197e
at org.openqa.selenium.remote.codec.w3c.W3CHttpResponseCodec.createException(W3CHttpResponseCodec.java:200)
at org.openqa.selenium.remote.codec.w3c.W3CHttpResponseCodec.decode(W3CHttpResponseCodec.java:133)
at org.openqa.selenium.remote.codec.w3c.W3CHttpResponseCodec.decode(W3CHttpResponseCodec.java:53)
at org.openqa.selenium.remote.HttpCommandExecutor.execute(HttpCommandExecutor.java:184)
at org.openqa.selenium.remote.service.DriverCommandExecutor.invokeExecute(DriverCommandExecutor.java:167)
at org.openqa.selenium.remote.service.DriverCommandExecutor.execute(DriverCommandExecutor.java:142)
at org.openqa.selenium.remote.RemoteWebDriver.execute(RemoteWebDriver.java:588)
at org.openqa.selenium.remote.RemoteWebElement.execute(RemoteWebElement.java:257)
at org.openqa.selenium.remote.RemoteWebElement.click(RemoteWebElement.java:78)
at com.Super_Admin.Create_PACE_Project_Page.Funding_Tab(Create_PACE_Project_Page.java:1054)
at com.Super_Admin.TC_Create_PACE_Project_Test.Funding_Tab(TC_Create_PACE_Project_Test.java:101)
at java.base/java.util.ArrayList.forEach(ArrayList.java:1511)
... Removed 28 stack frames]]>
    </failure>
  </testcase> <!-- Funding_Tab -->
</testsuite> <!-- Create_PACE_Project_Test -->
