<?xml version="1.0" encoding="UTF-8"?>
<!-- Generated by org.testng.reporters.JUnitXMLReporter -->
<testsuite ignored="0" hostname="DESKTOP-DMBCJ4C" failures="1" tests="8" name="TC_Decrease_Price_at_COC" time="785.476" errors="0" timestamp="2022-07-18T15:50:15 IST">
  <testcase classname="com.Super_Admin.TC_Decrease_Price_at_COC" name="New_Project" time="6.817"/>
  <testcase classname="com.Super_Admin.TC_Decrease_Price_at_COC" name="Select_Contractor" time="51.411"/>
  <testcase classname="com.Super_Admin.TC_Decrease_Price_at_COC" name="Credit_Application_Tab" time="48.434"/>
  <testcase classname="com.Super_Admin.TC_Decrease_Price_at_COC" name="Login_to_Credit_Portal" time="10.045"/>
  <testcase classname="com.Super_Admin.TC_Decrease_Price_at_COC" name="View_Project" time="181.931"/>
  <testcase classname="com.Super_Admin.TC_Decrease_Price_at_COC" name="Submit_Contract" time="126.454"/>
  <testcase classname="com.Super_Admin.TC_Decrease_Price_at_COC" name="Submit_NTP" time="191.525"/>
  <testcase classname="com.Super_Admin.TC_Decrease_Price_at_COC" name="Funding_Tab" time="155.947">
    <failure type="org.openqa.selenium.ElementClickInterceptedException" message="element click intercepted: Element &amp;lt;a href=&amp;quot;/&amp;quot; title=&amp;quot;...&amp;quot; class=&amp;quot;nav-link&amp;quot;&amp;gt;Home&amp;lt;/a&amp;gt; is not clickable at point (265, 35). Other element would receive the click: &amp;lt;div class=&amp;quot;blockUI blockOverlay&amp;quot; style=&amp;quot;z-index: 1100; border: none; margin: 0px; padding: 0px; width: 100%; height: 100%; top: 0px; left: 0px; background-color: rgb(255, 255, 255); opacity: 0.75; cursor: default; position: fixed;&amp;quot;&amp;gt;&amp;lt;/div&amp;gt;
  (Session info: chrome=103.0.5060.114)
Build info: version: &amp;apos;4.2.2&amp;apos;, revision: &amp;apos;683ccb65d6&amp;apos;
System info: host: &amp;apos;DESKTOP-DMBCJ4C&amp;apos;, ip: &amp;apos;192.168.1.9&amp;apos;, os.name: &amp;apos;Windows 10&amp;apos;, os.arch: &amp;apos;amd64&amp;apos;, os.version: &amp;apos;10.0&amp;apos;, java.version: &amp;apos;18.0.1.1&amp;apos;
Driver info: org.openqa.selenium.chrome.ChromeDriver
Command: [1be0edd7cb8012bbf697a18382dc7f12, clickElement {id=e88ccf89-5a2b-433d-a796-00b0b9fef8e6}]
Capabilities {acceptInsecureCerts: false, browserName: chrome, browserVersion: 103.0.5060.114, chrome: {chromedriverVersion: 103.0.5060.53 (a1711811edd7..., userDataDir: C:\Users\User\AppData\Local...}, goog:chromeOptions: {debuggerAddress: localhost:60420}, networkConnectionEnabled: false, pageLoadStrategy: normal, platformName: WINDOWS, proxy: Proxy(), se:cdp: ws://localhost:60420/devtoo..., se:cdpVersion: 103.0.5060.114, setWindowRect: true, strictFileInteractability: false, timeouts: {implicit: 0, pageLoad: 300000, script: 30000}, unhandledPromptBehavior: dismiss and notify, webauthn:extension:credBlob: true, webauthn:extension:largeBlob: true, webauthn:virtualAuthenticators: true}
Element: [[ChromeDriver: chrome on WINDOWS (1be0edd7cb8012bbf697a18382dc7f12)] -&amp;gt; xpath: //a[normalize-space()=&amp;apos;Home&amp;apos;]]
Session ID: 1be0edd7cb8012bbf697a18382dc7f12">
      <![CDATA[org.openqa.selenium.ElementClickInterceptedException: element click intercepted: Element <a href="/" title="..." class="nav-link">Home</a> is not clickable at point (265, 35). Other element would receive the click: <div class="blockUI blockOverlay" style="z-index: 1100; border: none; margin: 0px; padding: 0px; width: 100%; height: 100%; top: 0px; left: 0px; background-color: rgb(255, 255, 255); opacity: 0.75; cursor: default; position: fixed;"></div>
  (Session info: chrome=103.0.5060.114)
Build info: version: '4.2.2', revision: '683ccb65d6'
System info: host: 'DESKTOP-DMBCJ4C', ip: '192.168.1.9', os.name: 'Windows 10', os.arch: 'amd64', os.version: '10.0', java.version: '18.0.1.1'
Driver info: org.openqa.selenium.chrome.ChromeDriver
Command: [1be0edd7cb8012bbf697a18382dc7f12, clickElement {id=e88ccf89-5a2b-433d-a796-00b0b9fef8e6}]
Capabilities {acceptInsecureCerts: false, browserName: chrome, browserVersion: 103.0.5060.114, chrome: {chromedriverVersion: 103.0.5060.53 (a1711811edd7..., userDataDir: C:\Users\User\AppData\Local...}, goog:chromeOptions: {debuggerAddress: localhost:60420}, networkConnectionEnabled: false, pageLoadStrategy: normal, platformName: WINDOWS, proxy: Proxy(), se:cdp: ws://localhost:60420/devtoo..., se:cdpVersion: 103.0.5060.114, setWindowRect: true, strictFileInteractability: false, timeouts: {implicit: 0, pageLoad: 300000, script: 30000}, unhandledPromptBehavior: dismiss and notify, webauthn:extension:credBlob: true, webauthn:extension:largeBlob: true, webauthn:virtualAuthenticators: true}
Element: [[ChromeDriver: chrome on WINDOWS (1be0edd7cb8012bbf697a18382dc7f12)] -> xpath: //a[normalize-space()='Home']]
Session ID: 1be0edd7cb8012bbf697a18382dc7f12
at org.openqa.selenium.remote.codec.w3c.W3CHttpResponseCodec.createException(W3CHttpResponseCodec.java:200)
at org.openqa.selenium.remote.codec.w3c.W3CHttpResponseCodec.decode(W3CHttpResponseCodec.java:133)
at org.openqa.selenium.remote.codec.w3c.W3CHttpResponseCodec.decode(W3CHttpResponseCodec.java:53)
at org.openqa.selenium.remote.HttpCommandExecutor.execute(HttpCommandExecutor.java:184)
at org.openqa.selenium.remote.service.DriverCommandExecutor.invokeExecute(DriverCommandExecutor.java:167)
at org.openqa.selenium.remote.service.DriverCommandExecutor.execute(DriverCommandExecutor.java:142)
at org.openqa.selenium.remote.RemoteWebDriver.execute(RemoteWebDriver.java:588)
at org.openqa.selenium.remote.RemoteWebElement.execute(RemoteWebElement.java:257)
at org.openqa.selenium.remote.RemoteWebElement.click(RemoteWebElement.java:78)
at com.Super_Admin.Decrease_Price_at_COC_Page.Funding_Tab(Decrease_Price_at_COC_Page.java:1046)
at com.Super_Admin.TC_Decrease_Price_at_COC.Funding_Tab(TC_Decrease_Price_at_COC.java:100)
at java.base/java.util.ArrayList.forEach(ArrayList.java:1511)
... Removed 28 stack frames]]>
    </failure>
  </testcase> <!-- Funding_Tab -->
</testsuite> <!-- TC_Decrease_Price_at_COC -->
